<?xml version="1.0" encoding="UTF-8"?>
<testsuite xmlns:xsi="http://www.w3.org/2001/XMLSchema-instance" xsi:noNamespaceSchemaLocation="https://maven.apache.org/surefire/maven-surefire-plugin/xsd/surefire-test-report-3.0.xsd" version="3.0" name="org.jfree.chart.plot.XYPlotTest" time="0.351" tests="45" errors="0" skipped="0" failures="0">
  <properties>
[...]
</properties>
  <testcase name="testGetRangeAxisForDataset" classname="org.jfree.chart.plot.XYPlotTest" time="0.005"/>
  <testcase name="testRangeMarkerIndices" classname="org.jfree.chart.plot.XYPlotTest" time="0.011"/>
  <testcase name="testDomainMarkerIndices" classname="org.jfree.chart.plot.XYPlotTest" time="0.011"/>
  <testcase name="testEquals_ObjectList" classname="org.jfree.chart.plot.XYPlotTest" time="0"/>
  <testcase name="testBug2817504" classname="org.jfree.chart.plot.XYPlotTest" time="0.001"/>
  <testcase name="testDrawRangeGridlines" classname="org.jfree.chart.plot.XYPlotTest" time="0.06"/>
  <testcase name="testAddRangeMarker" classname="org.jfree.chart.plot.XYPlotTest" time="0.004"/>
  <testcase name="testRemoveAnnotation" classname="org.jfree.chart.plot.XYPlotTest" time="0"/>
  <testcase name="testRendererIndices" classname="org.jfree.chart.plot.XYPlotTest" time="0"/>
  <testcase name="testRemoveRangeMarker" classname="org.jfree.chart.plot.XYPlotTest" time="0.001"/>
  <testcase name="testGetLegendItems" classname="org.jfree.chart.plot.XYPlotTest" time="0.001"/>
  <testcase name="testRemoveDomainMarker" classname="org.jfree.chart.plot.XYPlotTest" time="0"/>
  <testcase name="testGetRendererForDataset2" classname="org.jfree.chart.plot.XYPlotTest" time="0.001"/>
  <testcase name="testGetDatasetCount" classname="org.jfree.chart.plot.XYPlotTest" time="0"/>
  <testcase name="testCloning_QuadrantPaint" classname="org.jfree.chart.plot.XYPlotTest" time="0.001"/>
  <testcase name="testGetDomainAxisForDataset" classname="org.jfree.chart.plot.XYPlotTest" time="0.003"/>
  <testcase name="test1654215" classname="org.jfree.chart.plot.XYPlotTest" time="0.024"/>
  <testcase name="testAddDomainMarker" classname="org.jfree.chart.plot.XYPlotTest" time="0"/>
  <testcase name="testAxisIndices" classname="org.jfree.chart.plot.XYPlotTest" time="0"/>
  <testcase name="testCloneIndependence" classname="org.jfree.chart.plot.XYPlotTest" time="0.028"/>
  <testcase name="testCloning" classname="org.jfree.chart.plot.XYPlotTest" time="0.001"/>
  <testcase name="testGetDataRange" classname="org.jfree.chart.plot.XYPlotTest" time="0.005"/>
  <testcase name="testSetRenderer" classname="org.jfree.chart.plot.XYPlotTest" time="0.001"/>
  <testcase name="testCloning_QuadrantOrigin" classname="org.jfree.chart.plot.XYPlotTest" time="0"/>
  <testcase name="testGetRendererForDataset" classname="org.jfree.chart.plot.XYPlotTest" time="0"/>
  <testcase name="testGetDataRangeWithMultipleDatasets" classname="org.jfree.chart.plot.XYPlotTest" time="0"/>
  <testcase name="testDrawSeriesWithZeroItems" classname="org.jfree.chart.plot.XYPlotTest" time="0.001"/>
  <testcase name="testEquals_ObjectList2" classname="org.jfree.chart.plot.XYPlotTest" time="0.002"/>
  <testcase name="testEquals_ObjectList3" classname="org.jfree.chart.plot.XYPlotTest" time="0.001"/>
  <testcase name="testEquals_ObjectList4" classname="org.jfree.chart.plot.XYPlotTest" time="0.001"/>
  <testcase name="testEquals_ObjectList5" classname="org.jfree.chart.plot.XYPlotTest" time="0.011"/>
  <testcase name="testAxisLocationIndices" classname="org.jfree.chart.plot.XYPlotTest" time="0.003"/>
  <testcase name="testMapDatasetToRangeAxis" classname="org.jfree.chart.plot.XYPlotTest" time="0.001"/>
  <testcase name="testEquals" classname="org.jfree.chart.plot.XYPlotTest" time="0.01"/>
  <testcase name="testMapDatasetToDomainAxis" classname="org.jfree.chart.plot.XYPlotTest" time="0.001"/>
  <testcase name="testDatasetIndices" classname="org.jfree.chart.plot.XYPlotTest" time="0.004"/>
  <testcase name="testSerialization1" classname="org.jfree.chart.plot.XYPlotTest" time="0.007"/>
  <testcase name="testSerialization2" classname="org.jfree.chart.plot.XYPlotTest" time="0.041"/>
  <testcase name="testSerialization3" classname="org.jfree.chart.plot.XYPlotTest" time="0.03"/>
  <testcase name="testSerialization4" classname="org.jfree.chart.plot.XYPlotTest" time="0.032"/>
  <testcase name="testSerialization5" classname="org.jfree.chart.plot.XYPlotTest" time="0.011"/>
  <testcase name="testSetNullRenderer" classname="org.jfree.chart.plot.XYPlotTest" time="0"/>
  <testcase name="testCloning2" classname="org.jfree.chart.plot.XYPlotTest" time="0.001"/>
  <testcase name="testCloning3" classname="org.jfree.chart.plot.XYPlotTest" time="0.001"/>
  <testcase name="testCloning4" classname="org.jfree.chart.plot.XYPlotTest" time="0.001"/>
</testsuite>